2025-06-19 18:02:00,561 [INFO] 定义配置类完成...
2025-06-19 18:02:00,561 [INFO] 定义工具类完成...
2025-06-19 18:02:00,562 [INFO] 程序开始运行...
2025-06-19 18:02:00,627 [INFO] 创建 QApplication 实例...
2025-06-19 18:02:00,628 [INFO] 初始化主窗口...
2025-06-19 18:02:00,628 [INFO] 初始化配置...
2025-06-19 18:02:00,628 [INFO] 加载配置...
2025-06-19 18:02:00,629 [INFO] 加载的配置: categories=['安全工具', '编码与解码'], tools=5
2025-06-19 18:02:00,629 [INFO] 开始初始化界面...
2025-06-19 18:02:01,038 [INFO] 界面初始化完成
2025-06-19 18:02:01,038 [INFO] 主窗口初始化完成
2025-06-19 18:02:01,039 [INFO] 创建主窗口...
2025-06-19 18:02:01,127 [INFO] 显示主窗口...
2025-06-19 18:02:28,930 [INFO] 定义配置类完成...
2025-06-19 18:02:28,930 [INFO] 定义工具类完成...
2025-06-19 18:02:28,930 [INFO] 程序开始运行...
2025-06-19 18:02:28,983 [INFO] 创建 QApplication 实例...
2025-06-19 18:02:28,984 [INFO] 初始化主窗口...
2025-06-19 18:02:28,984 [INFO] 初始化配置...
2025-06-19 18:02:28,985 [INFO] 加载配置...
2025-06-19 18:02:28,985 [INFO] 加载的配置: categories=['安全工具', '编码与解码'], tools=5
2025-06-19 18:02:28,985 [INFO] 开始初始化界面...
2025-06-19 18:02:29,298 [INFO] 界面初始化完成
2025-06-19 18:02:29,298 [INFO] 主窗口初始化完成
2025-06-19 18:02:29,298 [INFO] 创建主窗口...
2025-06-19 18:02:29,414 [INFO] 显示主窗口...
2025-06-19 18:02:31,674 [INFO] 保存配置...
2025-06-19 18:02:31,676 [INFO] 保存配置...
2025-06-19 18:02:53,420 [INFO] CyberChef加载成功
