2025-06-21 13:27:52,766 [INFO] 定义配置类完成...
2025-06-21 13:27:52,767 [INFO] 定义工具类完成...
2025-06-21 13:27:52,768 [INFO] 程序开始运行...
2025-06-21 13:27:52,830 [INFO] 创建 QApplication 实例...
2025-06-21 13:27:52,831 [INFO] 初始化主窗口...
2025-06-21 13:27:52,832 [INFO] 初始化配置...
2025-06-21 13:27:52,833 [INFO] 加载配置...
2025-06-21 13:27:52,833 [INFO] 加载的配置: categories=['安全工具', '编码与解码'], tools=9
2025-06-21 13:27:52,834 [INFO] 开始初始化界面...
2025-06-21 13:27:53,160 [INFO] 界面初始化完成
2025-06-21 13:27:53,161 [INFO] 主窗口初始化完成
2025-06-21 13:27:53,161 [INFO] 创建主窗口...
2025-06-21 13:27:53,244 [INFO] 显示主窗口...
2025-06-21 13:42:05,490 [INFO] 定义配置类完成...
2025-06-21 13:42:05,490 [INFO] 定义工具类完成...
2025-06-21 13:42:05,491 [INFO] 程序开始运行...
2025-06-21 13:42:05,546 [INFO] 创建 QApplication 实例...
2025-06-21 13:42:05,547 [INFO] 初始化主窗口...
2025-06-21 13:42:05,547 [INFO] 初始化配置...
2025-06-21 13:42:05,548 [INFO] 加载配置...
2025-06-21 13:42:05,548 [INFO] 加载的配置: categories=['安全工具', '编码与解码'], tools=9
2025-06-21 13:42:05,549 [INFO] 开始初始化界面...
2025-06-21 13:42:05,870 [INFO] 界面初始化完成
2025-06-21 13:42:05,870 [INFO] 主窗口初始化完成
2025-06-21 13:42:05,870 [INFO] 创建主窗口...
2025-06-21 13:42:05,951 [INFO] 显示主窗口...
2025-06-21 13:42:08,464 [INFO] CyberChef加载成功
2025-06-21 13:47:27,199 [INFO] 定义配置类完成...
2025-06-21 13:47:27,199 [INFO] 定义工具类完成...
2025-06-21 13:47:27,199 [INFO] 程序开始运行...
2025-06-21 13:47:27,253 [INFO] 创建 QApplication 实例...
2025-06-21 13:47:27,254 [INFO] 初始化主窗口...
2025-06-21 13:47:27,254 [INFO] 初始化配置...
2025-06-21 13:47:27,254 [INFO] 加载配置...
2025-06-21 13:47:27,255 [INFO] 加载的配置: categories=['安全工具', '编码与解码'], tools=9
2025-06-21 13:48:02,227 [INFO] 定义配置类完成...
2025-06-21 13:48:02,228 [INFO] 定义工具类完成...
2025-06-21 13:48:02,228 [INFO] 程序开始运行...
2025-06-21 13:48:02,280 [INFO] 创建 QApplication 实例...
2025-06-21 13:48:02,281 [INFO] 初始化主窗口...
2025-06-21 13:48:02,282 [INFO] 初始化配置...
2025-06-21 13:48:02,282 [INFO] 加载配置...
2025-06-21 13:48:02,282 [INFO] 加载的配置: categories=['安全工具', '编码与解码'], tools=9
2025-06-21 13:48:02,283 [INFO] 后台工作线程初始化完成
2025-06-21 13:48:02,283 [INFO] 开始初始化界面...
2025-06-21 13:48:02,733 [INFO] 界面初始化完成
2025-06-21 13:48:02,733 [INFO] 主窗口初始化完成
2025-06-21 13:48:02,734 [INFO] 创建主窗口...
2025-06-21 13:48:02,818 [INFO] 显示主窗口...
2025-06-21 13:48:05,517 [INFO] CyberChef加载成功
2025-06-21 13:48:09,432 [INFO] 保存配置...
2025-06-21 13:48:10,303 [INFO] 保存配置...
2025-06-21 13:48:11,158 [INFO] 保存配置...
2025-06-21 13:48:12,897 [INFO] 保存配置...
2025-06-21 13:48:15,178 [INFO] 保存配置...
2025-06-21 13:48:16,793 [INFO] CyberChef加载成功
2025-06-21 13:48:18,253 [INFO] 保存配置...
2025-06-21 13:48:20,358 [INFO] CyberChef加载成功
2025-06-21 13:48:21,300 [INFO] CyberChef加载成功
2025-06-21 13:48:36,145 [INFO] 正在关闭应用程序，请稍候...
2025-06-21 13:53:23,536 [INFO] 定义配置类完成...
2025-06-21 13:53:23,537 [INFO] 定义工具类完成...
2025-06-21 13:53:23,537 [INFO] 程序开始运行...
2025-06-21 13:53:23,598 [INFO] 创建 QApplication 实例...
2025-06-21 13:53:23,598 [INFO] 初始化主窗口...
2025-06-21 13:53:23,600 [INFO] 初始化配置...
2025-06-21 13:53:23,600 [INFO] 加载配置...
2025-06-21 13:53:23,601 [INFO] 加载的配置: categories=['安全工具', '编码与解码'], tools=9
2025-06-21 13:53:23,602 [INFO] 后台工作线程初始化完成
2025-06-21 13:53:23,602 [INFO] 开始初始化界面...
2025-06-21 13:53:24,129 [INFO] 界面初始化完成
2025-06-21 13:53:24,130 [INFO] 主窗口初始化完成
2025-06-21 13:53:24,130 [INFO] 创建主窗口...
2025-06-21 13:53:24,220 [INFO] 显示主窗口...
2025-06-21 13:53:26,295 [INFO] 保存配置...
2025-06-21 13:53:28,680 [INFO] CyberChef加载成功
2025-06-21 13:53:34,573 [INFO] CyberChef加载成功
2025-06-21 13:53:37,821 [INFO] CyberChef加载成功
2025-06-21 13:53:38,954 [INFO] CyberChef加载成功
2025-06-21 13:53:45,462 [INFO] CyberChef加载成功
2025-06-21 13:53:53,598 [INFO] 内存优化完成
2025-06-21 13:53:56,625 [INFO] 正在关闭应用程序，请稍候...
