2025-06-20 10:41:57,568 [INFO] 定义配置类完成...
2025-06-20 10:41:57,568 [INFO] 定义工具类完成...
2025-06-20 10:41:57,568 [INFO] 程序开始运行...
2025-06-20 10:41:57,699 [INFO] 创建 QApplication 实例...
2025-06-20 10:41:57,700 [INFO] 初始化主窗口...
2025-06-20 10:41:57,700 [INFO] 初始化配置...
2025-06-20 10:41:57,700 [INFO] 加载配置...
2025-06-20 10:41:57,700 [INFO] 加载的配置: categories=['安全工具', '编码与解码'], tools=5
2025-06-20 10:41:57,702 [INFO] 开始初始化界面...
2025-06-20 10:41:58,096 [INFO] 界面初始化完成
2025-06-20 10:41:58,096 [INFO] 主窗口初始化完成
2025-06-20 10:41:58,097 [INFO] 创建主窗口...
2025-06-20 10:41:58,165 [INFO] 显示主窗口...
2025-06-20 10:42:38,925 [INFO] 定义配置类完成...
2025-06-20 10:42:38,926 [INFO] 定义工具类完成...
2025-06-20 10:42:38,926 [INFO] 程序开始运行...
2025-06-20 10:42:38,977 [INFO] 创建 QApplication 实例...
2025-06-20 10:42:38,978 [INFO] 初始化主窗口...
2025-06-20 10:42:38,978 [INFO] 初始化配置...
2025-06-20 10:42:38,978 [INFO] 加载配置...
2025-06-20 10:42:38,978 [INFO] 加载的配置: categories=['安全工具', '编码与解码'], tools=5
2025-06-20 10:42:38,978 [INFO] 开始初始化界面...
2025-06-20 10:42:39,318 [INFO] 界面初始化完成
2025-06-20 10:42:39,318 [INFO] 主窗口初始化完成
2025-06-20 10:42:39,318 [INFO] 创建主窗口...
2025-06-20 10:42:39,394 [INFO] 显示主窗口...
2025-06-20 10:43:11,974 [INFO] 定义配置类完成...
2025-06-20 10:43:11,974 [INFO] 定义工具类完成...
2025-06-20 10:43:11,974 [INFO] 程序开始运行...
2025-06-20 10:43:12,028 [INFO] 创建 QApplication 实例...
2025-06-20 10:43:12,029 [INFO] 初始化主窗口...
2025-06-20 10:43:12,030 [INFO] 初始化配置...
2025-06-20 10:43:12,030 [INFO] 加载配置...
2025-06-20 10:43:12,030 [INFO] 加载的配置: categories=['安全工具', '编码与解码'], tools=5
2025-06-20 10:43:12,030 [INFO] 开始初始化界面...
2025-06-20 10:43:12,358 [INFO] 界面初始化完成
2025-06-20 10:43:12,358 [INFO] 主窗口初始化完成
2025-06-20 10:43:12,358 [INFO] 创建主窗口...
2025-06-20 10:43:12,433 [INFO] 显示主窗口...
2025-06-20 10:45:22,785 [INFO] 定义配置类完成...
2025-06-20 10:45:22,786 [INFO] 定义工具类完成...
2025-06-20 10:45:22,786 [INFO] 程序开始运行...
2025-06-20 10:45:22,839 [INFO] 创建 QApplication 实例...
2025-06-20 10:45:22,840 [INFO] 初始化主窗口...
2025-06-20 10:45:22,840 [INFO] 初始化配置...
2025-06-20 10:45:22,840 [INFO] 加载配置...
2025-06-20 10:45:22,840 [INFO] 加载的配置: categories=['安全工具', '编码与解码'], tools=5
2025-06-20 10:45:22,841 [INFO] 开始初始化界面...
2025-06-20 10:45:23,146 [INFO] 界面初始化完成
2025-06-20 10:45:23,146 [INFO] 主窗口初始化完成
2025-06-20 10:45:23,146 [INFO] 创建主窗口...
2025-06-20 10:45:23,229 [INFO] 显示主窗口...
2025-06-20 10:45:25,026 [INFO] CyberChef加载成功
2025-06-20 10:45:29,854 [INFO] CyberChef加载成功
2025-06-20 10:53:35,878 [INFO] 定义配置类完成...
2025-06-20 10:53:35,878 [INFO] 定义工具类完成...
2025-06-20 10:53:35,878 [INFO] 程序开始运行...
2025-06-20 10:53:35,929 [INFO] 创建 QApplication 实例...
2025-06-20 10:53:35,930 [INFO] 初始化主窗口...
2025-06-20 10:53:35,930 [INFO] 初始化配置...
2025-06-20 10:53:35,931 [INFO] 加载配置...
2025-06-20 10:53:35,932 [INFO] 加载的配置: categories=['安全工具', '编码与解码'], tools=5
2025-06-20 10:53:35,932 [INFO] 开始初始化界面...
2025-06-20 10:53:36,283 [INFO] 界面初始化完成
2025-06-20 10:53:36,284 [INFO] 主窗口初始化完成
2025-06-20 10:53:36,284 [INFO] 创建主窗口...
2025-06-20 10:53:36,359 [INFO] 显示主窗口...
2025-06-20 10:53:55,528 [INFO] CyberChef加载成功
2025-06-20 10:54:09,807 [INFO] CyberChef加载成功
2025-06-20 10:54:11,128 [INFO] CyberChef加载成功
2025-06-20 10:54:13,809 [INFO] CyberChef加载成功
2025-06-20 10:54:38,725 [INFO] CyberChef加载成功
2025-06-20 10:54:40,318 [INFO] CyberChef加载成功
2025-06-20 10:54:54,611 [INFO] 保存配置...
2025-06-20 10:54:56,592 [INFO] CyberChef加载成功
2025-06-20 10:54:59,855 [INFO] 保存配置...
2025-06-20 10:55:20,247 [INFO] 定义配置类完成...
2025-06-20 10:55:20,247 [INFO] 定义工具类完成...
2025-06-20 10:55:20,247 [INFO] 程序开始运行...
2025-06-20 10:55:20,300 [INFO] 创建 QApplication 实例...
2025-06-20 10:55:20,301 [INFO] 初始化主窗口...
2025-06-20 10:55:20,302 [INFO] 初始化配置...
2025-06-20 10:55:20,302 [INFO] 加载配置...
2025-06-20 10:55:20,302 [INFO] 加载的配置: categories=['安全工具', '编码与解码'], tools=5
2025-06-20 10:55:20,302 [INFO] 开始初始化界面...
2025-06-20 10:55:20,617 [INFO] 界面初始化完成
2025-06-20 10:55:20,617 [INFO] 主窗口初始化完成
2025-06-20 10:55:20,618 [INFO] 创建主窗口...
2025-06-20 10:55:20,685 [INFO] 显示主窗口...
2025-06-20 10:55:32,941 [INFO] CyberChef加载成功
2025-06-20 11:12:00,894 [INFO] 定义配置类完成...
2025-06-20 11:12:00,894 [INFO] 定义工具类完成...
2025-06-20 11:12:00,895 [INFO] 程序开始运行...
2025-06-20 11:12:00,949 [INFO] 创建 QApplication 实例...
2025-06-20 11:12:00,950 [INFO] 初始化主窗口...
2025-06-20 11:12:00,950 [INFO] 初始化配置...
2025-06-20 11:12:00,950 [INFO] 加载配置...
2025-06-20 11:12:00,951 [INFO] 加载的配置: categories=['安全工具', '编码与解码'], tools=5
2025-06-20 11:12:00,951 [INFO] 开始初始化界面...
2025-06-20 11:12:01,287 [INFO] 界面初始化完成
2025-06-20 11:12:01,287 [INFO] 主窗口初始化完成
2025-06-20 11:12:01,287 [INFO] 创建主窗口...
2025-06-20 11:12:01,360 [INFO] 显示主窗口...
2025-06-20 11:14:05,750 [INFO] CyberChef加载成功
2025-06-20 11:15:12,961 [INFO] CyberChef加载成功
2025-06-20 11:41:26,325 [INFO] 定义配置类完成...
2025-06-20 11:41:26,325 [INFO] 定义工具类完成...
2025-06-20 11:41:26,325 [INFO] 程序开始运行...
2025-06-20 11:41:26,376 [INFO] 创建 QApplication 实例...
2025-06-20 11:41:26,377 [INFO] 初始化主窗口...
2025-06-20 11:41:26,377 [INFO] 初始化配置...
2025-06-20 11:41:26,378 [INFO] 加载配置...
2025-06-20 11:41:26,378 [INFO] 加载的配置: categories=['安全工具', '编码与解码'], tools=5
2025-06-20 11:41:26,378 [INFO] 开始初始化界面...
2025-06-20 11:41:26,688 [INFO] 界面初始化完成
2025-06-20 11:41:26,688 [INFO] 主窗口初始化完成
2025-06-20 11:41:26,688 [INFO] 创建主窗口...
2025-06-20 11:41:26,765 [INFO] 显示主窗口...
2025-06-20 11:54:42,210 [INFO] 定义配置类完成...
2025-06-20 11:54:42,210 [INFO] 定义工具类完成...
2025-06-20 11:54:42,210 [INFO] 程序开始运行...
2025-06-20 11:54:42,263 [INFO] 创建 QApplication 实例...
2025-06-20 11:54:42,264 [INFO] 初始化主窗口...
2025-06-20 11:54:42,264 [INFO] 初始化配置...
2025-06-20 11:54:42,264 [INFO] 加载配置...
2025-06-20 11:54:42,265 [INFO] 加载的配置: categories=['安全工具', '编码与解码'], tools=5
2025-06-20 11:54:42,265 [INFO] 开始初始化界面...
2025-06-20 11:54:42,501 [INFO] 界面初始化完成
2025-06-20 11:54:42,502 [INFO] 主窗口初始化完成
2025-06-20 11:54:42,502 [INFO] 创建主窗口...
2025-06-20 11:54:42,574 [INFO] 显示主窗口...
2025-06-20 13:09:01,162 [INFO] 定义配置类完成...
2025-06-20 13:09:01,162 [INFO] 定义工具类完成...
2025-06-20 13:09:01,162 [INFO] 程序开始运行...
2025-06-20 13:09:01,245 [INFO] 创建 QApplication 实例...
2025-06-20 13:09:01,246 [INFO] 初始化主窗口...
2025-06-20 13:09:01,246 [INFO] 初始化配置...
2025-06-20 13:09:01,247 [INFO] 加载配置...
2025-06-20 13:09:01,247 [INFO] 加载的配置: categories=['安全工具', '编码与解码'], tools=5
2025-06-20 13:09:01,247 [INFO] 开始初始化界面...
2025-06-20 13:09:01,601 [INFO] 界面初始化完成
2025-06-20 13:09:01,601 [INFO] 主窗口初始化完成
2025-06-20 13:09:01,601 [INFO] 创建主窗口...
2025-06-20 13:09:01,698 [INFO] 显示主窗口...
2025-06-20 13:10:14,552 [INFO] CyberChef加载成功
2025-06-20 13:10:21,626 [INFO] CyberChef加载成功
2025-06-20 13:10:29,963 [INFO] CyberChef加载成功
2025-06-20 13:27:01,961 [INFO] 定义配置类完成...
2025-06-20 13:27:01,961 [INFO] 定义工具类完成...
2025-06-20 13:27:01,961 [INFO] 程序开始运行...
2025-06-20 13:27:02,032 [INFO] 创建 QApplication 实例...
2025-06-20 13:27:02,033 [INFO] 初始化主窗口...
2025-06-20 13:27:02,033 [INFO] 初始化配置...
2025-06-20 13:27:02,033 [INFO] 加载配置...
2025-06-20 13:27:02,033 [INFO] 加载的配置: categories=['安全工具', '编码与解码'], tools=5
2025-06-20 13:27:02,033 [INFO] 开始初始化界面...
2025-06-20 13:27:02,356 [INFO] 界面初始化完成
2025-06-20 13:27:02,356 [INFO] 主窗口初始化完成
2025-06-20 13:27:02,357 [INFO] 创建主窗口...
2025-06-20 13:27:02,480 [INFO] 显示主窗口...
2025-06-20 13:27:31,837 [INFO] 定义配置类完成...
2025-06-20 13:27:31,837 [INFO] 定义工具类完成...
2025-06-20 13:27:31,837 [INFO] 程序开始运行...
2025-06-20 13:27:31,900 [INFO] 创建 QApplication 实例...
2025-06-20 13:27:31,900 [INFO] 初始化主窗口...
2025-06-20 13:27:31,901 [INFO] 初始化配置...
2025-06-20 13:27:31,901 [INFO] 加载配置...
2025-06-20 13:27:31,902 [INFO] 加载的配置: categories=['安全工具', '编码与解码'], tools=5
2025-06-20 13:27:31,902 [INFO] 开始初始化界面...
2025-06-20 13:27:32,236 [INFO] 界面初始化完成
2025-06-20 13:27:32,237 [INFO] 主窗口初始化完成
2025-06-20 13:27:32,237 [INFO] 创建主窗口...
2025-06-20 13:27:32,317 [INFO] 显示主窗口...
2025-06-20 13:31:21,404 [INFO] 定义配置类完成...
2025-06-20 13:31:21,404 [INFO] 定义工具类完成...
2025-06-20 13:31:21,405 [INFO] 程序开始运行...
2025-06-20 13:31:21,467 [INFO] 创建 QApplication 实例...
2025-06-20 13:31:21,468 [INFO] 初始化主窗口...
2025-06-20 13:31:21,469 [INFO] 初始化配置...
2025-06-20 13:31:21,469 [INFO] 加载配置...
2025-06-20 13:31:21,470 [INFO] 加载的配置: categories=['安全工具', '编码与解码'], tools=5
2025-06-20 13:31:21,470 [INFO] 开始初始化界面...
2025-06-20 13:31:21,813 [INFO] 界面初始化完成
2025-06-20 13:31:21,814 [INFO] 主窗口初始化完成
2025-06-20 13:31:21,814 [INFO] 创建主窗口...
2025-06-20 13:31:21,894 [INFO] 显示主窗口...
2025-06-20 13:33:59,762 [INFO] 定义配置类完成...
2025-06-20 13:33:59,762 [INFO] 定义工具类完成...
2025-06-20 13:33:59,762 [INFO] 程序开始运行...
2025-06-20 13:33:59,823 [INFO] 创建 QApplication 实例...
2025-06-20 13:33:59,823 [INFO] 初始化主窗口...
2025-06-20 13:33:59,824 [INFO] 初始化配置...
2025-06-20 13:33:59,824 [INFO] 加载配置...
2025-06-20 13:33:59,825 [INFO] 加载的配置: categories=['安全工具', '编码与解码'], tools=5
2025-06-20 13:33:59,825 [INFO] 开始初始化界面...
2025-06-20 13:34:00,132 [INFO] 界面初始化完成
2025-06-20 13:34:00,132 [INFO] 主窗口初始化完成
2025-06-20 13:34:00,132 [INFO] 创建主窗口...
2025-06-20 13:34:00,222 [INFO] 显示主窗口...
2025-06-20 13:38:32,683 [INFO] 定义配置类完成...
2025-06-20 13:38:32,683 [INFO] 定义工具类完成...
2025-06-20 13:38:32,684 [INFO] 程序开始运行...
2025-06-20 13:38:32,744 [INFO] 创建 QApplication 实例...
2025-06-20 13:38:32,744 [INFO] 初始化主窗口...
2025-06-20 13:38:32,745 [INFO] 初始化配置...
2025-06-20 13:38:32,745 [INFO] 加载配置...
2025-06-20 13:38:32,745 [INFO] 加载的配置: categories=['安全工具', '编码与解码'], tools=5
2025-06-20 13:38:32,746 [INFO] 开始初始化界面...
2025-06-20 13:38:33,094 [INFO] 界面初始化完成
2025-06-20 13:38:33,095 [INFO] 主窗口初始化完成
2025-06-20 13:38:33,095 [INFO] 创建主窗口...
2025-06-20 13:38:33,181 [INFO] 显示主窗口...
2025-06-20 13:38:45,607 [INFO] CyberChef加载成功
2025-06-20 13:48:52,997 [INFO] 定义配置类完成...
2025-06-20 13:48:52,998 [INFO] 定义工具类完成...
2025-06-20 13:48:52,998 [INFO] 程序开始运行...
2025-06-20 13:48:53,060 [INFO] 创建 QApplication 实例...
2025-06-20 13:48:53,061 [INFO] 初始化主窗口...
2025-06-20 13:48:53,061 [INFO] 初始化配置...
2025-06-20 13:48:53,061 [INFO] 加载配置...
2025-06-20 13:48:53,062 [INFO] 加载的配置: categories=['安全工具', '编码与解码'], tools=5
2025-06-20 13:48:53,062 [INFO] 开始初始化界面...
2025-06-20 13:48:53,387 [INFO] 界面初始化完成
2025-06-20 13:48:53,387 [INFO] 主窗口初始化完成
2025-06-20 13:48:53,388 [INFO] 创建主窗口...
2025-06-20 13:48:53,475 [INFO] 显示主窗口...
2025-06-20 13:49:02,692 [INFO] 定义配置类完成...
2025-06-20 13:49:02,693 [INFO] 定义工具类完成...
2025-06-20 13:49:02,693 [INFO] 程序开始运行...
2025-06-20 13:49:02,752 [INFO] 创建 QApplication 实例...
2025-06-20 13:49:02,753 [INFO] 初始化主窗口...
2025-06-20 13:49:02,753 [INFO] 初始化配置...
2025-06-20 13:49:02,753 [INFO] 加载配置...
2025-06-20 13:49:02,754 [INFO] 加载的配置: categories=['安全工具', '编码与解码'], tools=5
2025-06-20 13:49:02,754 [INFO] 开始初始化界面...
2025-06-20 13:49:03,055 [INFO] 界面初始化完成
2025-06-20 13:49:03,055 [INFO] 主窗口初始化完成
2025-06-20 13:49:03,056 [INFO] 创建主窗口...
2025-06-20 13:49:03,141 [INFO] 显示主窗口...
2025-06-20 13:51:49,528 [INFO] 定义配置类完成...
2025-06-20 13:51:49,528 [INFO] 定义工具类完成...
2025-06-20 13:51:49,528 [INFO] 程序开始运行...
2025-06-20 13:51:49,591 [INFO] 创建 QApplication 实例...
2025-06-20 13:51:49,592 [INFO] 初始化主窗口...
2025-06-20 13:51:49,592 [INFO] 初始化配置...
2025-06-20 13:51:49,593 [INFO] 加载配置...
2025-06-20 13:51:49,593 [INFO] 加载的配置: categories=['安全工具', '编码与解码'], tools=5
2025-06-20 13:51:49,593 [INFO] 开始初始化界面...
2025-06-20 13:51:49,946 [INFO] 界面初始化完成
2025-06-20 13:51:49,949 [INFO] 主窗口初始化完成
2025-06-20 13:51:49,949 [INFO] 创建主窗口...
2025-06-20 13:51:50,031 [INFO] 显示主窗口...
2025-06-20 14:59:39,843 [INFO] 定义配置类完成...
2025-06-20 14:59:39,843 [INFO] 定义工具类完成...
2025-06-20 14:59:39,844 [INFO] 程序开始运行...
2025-06-20 14:59:39,949 [INFO] 创建 QApplication 实例...
2025-06-20 14:59:39,950 [INFO] 初始化主窗口...
2025-06-20 14:59:39,950 [INFO] 初始化配置...
2025-06-20 14:59:39,951 [INFO] 加载配置...
2025-06-20 14:59:39,951 [INFO] 加载的配置: categories=['安全工具', '编码与解码'], tools=5
2025-06-20 14:59:39,952 [INFO] 开始初始化界面...
2025-06-20 14:59:40,420 [INFO] 界面初始化完成
2025-06-20 14:59:40,420 [INFO] 主窗口初始化完成
2025-06-20 14:59:40,420 [INFO] 创建主窗口...
2025-06-20 14:59:40,493 [INFO] 显示主窗口...
2025-06-20 16:01:45,348 [INFO] 定义配置类完成...
2025-06-20 16:01:45,349 [INFO] 定义工具类完成...
2025-06-20 16:01:45,349 [INFO] 程序开始运行...
2025-06-20 16:01:45,406 [INFO] 创建 QApplication 实例...
2025-06-20 16:01:45,407 [INFO] 初始化主窗口...
2025-06-20 16:01:45,407 [INFO] 初始化配置...
2025-06-20 16:01:45,407 [INFO] 加载配置...
2025-06-20 16:01:45,408 [INFO] 加载的配置: categories=['安全工具', '编码与解码'], tools=5
2025-06-20 16:01:45,409 [INFO] 开始初始化界面...
2025-06-20 16:01:45,712 [INFO] 界面初始化完成
2025-06-20 16:01:45,712 [INFO] 主窗口初始化完成
2025-06-20 16:01:45,712 [INFO] 创建主窗口...
2025-06-20 16:01:45,794 [INFO] 显示主窗口...
2025-06-20 16:02:20,592 [INFO] 定义配置类完成...
2025-06-20 16:02:20,592 [INFO] 定义工具类完成...
2025-06-20 16:02:20,592 [INFO] 程序开始运行...
2025-06-20 16:02:20,646 [INFO] 创建 QApplication 实例...
2025-06-20 16:02:20,647 [INFO] 初始化主窗口...
2025-06-20 16:02:20,648 [INFO] 初始化配置...
2025-06-20 16:02:20,648 [INFO] 加载配置...
2025-06-20 16:02:20,648 [INFO] 加载的配置: categories=['安全工具', '编码与解码'], tools=5
2025-06-20 16:02:20,648 [INFO] 开始初始化界面...
2025-06-20 16:02:20,978 [INFO] 界面初始化完成
2025-06-20 16:02:20,979 [INFO] 主窗口初始化完成
2025-06-20 16:02:20,979 [INFO] 创建主窗口...
2025-06-20 16:02:21,052 [INFO] 显示主窗口...
2025-06-20 16:06:21,397 [INFO] 定义配置类完成...
2025-06-20 16:06:21,397 [INFO] 定义工具类完成...
2025-06-20 16:06:21,397 [INFO] 程序开始运行...
2025-06-20 16:06:21,454 [INFO] 创建 QApplication 实例...
2025-06-20 16:06:21,455 [INFO] 初始化主窗口...
2025-06-20 16:06:21,456 [INFO] 初始化配置...
2025-06-20 16:06:21,456 [INFO] 加载配置...
2025-06-20 16:06:21,456 [INFO] 加载的配置: categories=['安全工具', '编码与解码'], tools=5
2025-06-20 16:06:21,457 [INFO] 开始初始化界面...
2025-06-20 16:06:21,789 [INFO] 界面初始化完成
2025-06-20 16:06:21,789 [INFO] 主窗口初始化完成
2025-06-20 16:06:21,789 [INFO] 创建主窗口...
2025-06-20 16:06:21,869 [INFO] 显示主窗口...
2025-06-20 16:07:25,913 [INFO] 定义配置类完成...
2025-06-20 16:07:25,913 [INFO] 定义工具类完成...
2025-06-20 16:07:25,913 [INFO] 程序开始运行...
2025-06-20 16:07:25,974 [INFO] 创建 QApplication 实例...
2025-06-20 16:07:25,976 [INFO] 初始化主窗口...
2025-06-20 16:07:25,976 [INFO] 初始化配置...
2025-06-20 16:07:25,976 [INFO] 加载配置...
2025-06-20 16:07:25,976 [INFO] 加载的配置: categories=['安全工具', '编码与解码'], tools=5
2025-06-20 16:07:25,976 [INFO] 开始初始化界面...
2025-06-20 16:07:26,310 [INFO] 界面初始化完成
2025-06-20 16:07:26,311 [INFO] 主窗口初始化完成
2025-06-20 16:07:26,311 [INFO] 创建主窗口...
2025-06-20 16:07:26,386 [INFO] 显示主窗口...
2025-06-20 16:10:07,337 [INFO] CyberChef加载成功
2025-06-20 16:10:16,478 [INFO] 定义配置类完成...
2025-06-20 16:10:16,479 [INFO] 定义工具类完成...
2025-06-20 16:10:16,479 [INFO] 程序开始运行...
2025-06-20 16:10:16,529 [INFO] 创建 QApplication 实例...
2025-06-20 16:10:16,529 [INFO] 初始化主窗口...
2025-06-20 16:10:16,533 [INFO] 初始化配置...
2025-06-20 16:10:16,533 [INFO] 加载配置...
2025-06-20 16:10:16,533 [INFO] 加载的配置: categories=['安全工具', '编码与解码'], tools=5
2025-06-20 16:10:16,534 [INFO] 开始初始化界面...
2025-06-20 16:10:16,849 [INFO] 界面初始化完成
2025-06-20 16:10:16,849 [INFO] 主窗口初始化完成
2025-06-20 16:10:16,850 [INFO] 创建主窗口...
2025-06-20 16:10:16,922 [INFO] 显示主窗口...
2025-06-20 16:11:55,679 [INFO] 定义配置类完成...
2025-06-20 16:11:55,679 [INFO] 定义工具类完成...
2025-06-20 16:11:55,679 [INFO] 程序开始运行...
2025-06-20 16:11:55,736 [INFO] 创建 QApplication 实例...
2025-06-20 16:11:55,736 [INFO] 初始化主窗口...
2025-06-20 16:11:55,737 [INFO] 初始化配置...
2025-06-20 16:11:55,737 [INFO] 加载配置...
2025-06-20 16:11:55,738 [INFO] 加载的配置: categories=['安全工具', '编码与解码'], tools=5
2025-06-20 16:11:55,738 [INFO] 开始初始化界面...
2025-06-20 16:11:56,080 [INFO] 界面初始化完成
2025-06-20 16:11:56,080 [INFO] 主窗口初始化完成
2025-06-20 16:11:56,080 [INFO] 创建主窗口...
2025-06-20 16:11:56,156 [INFO] 显示主窗口...
2025-06-20 16:12:14,310 [INFO] CyberChef加载成功
2025-06-20 16:12:47,877 [INFO] CyberChef加载成功
2025-06-20 16:12:50,402 [INFO] CyberChef加载成功
2025-06-20 16:13:21,143 [INFO] CyberChef加载成功
2025-06-20 16:13:22,616 [INFO] CyberChef加载成功
2025-06-20 16:13:23,967 [INFO] CyberChef加载成功
2025-06-20 16:13:35,881 [INFO] 定义配置类完成...
2025-06-20 16:13:35,882 [INFO] 定义工具类完成...
2025-06-20 16:13:35,882 [INFO] 程序开始运行...
2025-06-20 16:13:35,933 [INFO] 创建 QApplication 实例...
2025-06-20 16:13:35,934 [INFO] 初始化主窗口...
2025-06-20 16:13:35,935 [INFO] 初始化配置...
2025-06-20 16:13:35,935 [INFO] 加载配置...
2025-06-20 16:13:35,935 [INFO] 加载的配置: categories=['安全工具', '编码与解码'], tools=5
2025-06-20 16:13:35,935 [INFO] 开始初始化界面...
2025-06-20 16:13:36,267 [INFO] 界面初始化完成
2025-06-20 16:13:36,268 [INFO] 主窗口初始化完成
2025-06-20 16:13:36,268 [INFO] 创建主窗口...
2025-06-20 16:13:36,344 [INFO] 显示主窗口...
2025-06-20 16:13:39,131 [INFO] CyberChef加载成功
2025-06-20 16:13:41,205 [INFO] CyberChef加载成功
2025-06-20 16:13:42,156 [INFO] CyberChef加载成功
2025-06-20 16:13:44,293 [INFO] CyberChef加载成功
2025-06-20 16:28:22,833 [INFO] 定义配置类完成...
2025-06-20 16:28:22,833 [INFO] 定义工具类完成...
2025-06-20 16:28:22,834 [INFO] 程序开始运行...
2025-06-20 16:28:22,898 [INFO] 创建 QApplication 实例...
2025-06-20 16:28:22,899 [INFO] 初始化主窗口...
2025-06-20 16:28:22,899 [INFO] 初始化配置...
2025-06-20 16:28:22,899 [INFO] 加载配置...
2025-06-20 16:28:22,900 [INFO] 加载的配置: categories=['安全工具', '编码与解码'], tools=5
2025-06-20 16:28:22,900 [INFO] 开始初始化界面...
2025-06-20 16:28:23,239 [INFO] 界面初始化完成
2025-06-20 16:28:23,239 [INFO] 主窗口初始化完成
2025-06-20 16:28:23,239 [INFO] 创建主窗口...
2025-06-20 16:28:23,317 [INFO] 显示主窗口...
